postTo http://localhost:1633/bytes
postType application/octet-stream
tmpFolder tmp
getFromTemplate https://bee-%d.gateway.ethswarm.org/bytes/%s
postSize 100000000
batchSize 4
getTestTimoutSecs 100
sleepBetweenBatchMs 300
maxNode 69
1 / 4
posted 2fef9d91150c2b29afe57dd2471e99572f7ce37abf3c330d4c790f71da6290fd
2 / 4
posted 0b534abff3b612b5708860eeb09a926fc08a04676bcd1769b47f44590e0f674c
3 / 4
posted 98577650c4b59ce06287c44ae4d1c64f30e1e9b1deaeaf83cd7468b2d64aaacb
4 / 4
posted 776b31687bc46161ce19ed5bc767691263b223cf6798eb806b5024f158f31b49
Completed  70
Completed  70
Completed  70
Completed  70
cr complete
waiting to start retries 0
