postTo http://localhost:1733/bytes
postType application/octet-stream
tmpFolder tmp
getFromTemplate https://bee-%d.gateway.staging.ethswarm.org/bytes/%s
postSize 100000000
batchSize 100
getTestTimoutSecs 100
sleepBetweenBatchMs 30000
maxNode 19
1 / 100
posted 8853f5d530b7d80b349fa961c801412f7be7ff6f1fa62323561c471a449c1dc0
2 / 100
3 / 100
posted 2872c5a995e029b2e3e2015f4f84229d61bd1c7884c02c4d70127c27efddfe86
4 / 100
posted 10cf484b42e4f274b9f76cd6cf0d101599df52d9d98153b4df14180bd636599b
5 / 100
6 / 100
posted e522a57ba6c10db425b96f945e707a085bcacdb4f7944bb1b936b1a18e9425e5
7 / 100
posted 7d804b9f854825a7c5f4afdfcf4a82084473be8da4133ac8322cc2e92a206774
8 / 100
posted 94a0b6a78146ebbba29edd69deea858dfe10e1be66835ec5d024b3baa5e7b5bb
9 / 100
10 / 100
posted 3c17da25afe4453cc5d111873ac0a5dc9a43d8e687a33cb6c4c519afbff370c7
11 / 100
12 / 100
posted 502fdcb2bcbff4bf8cb0403a32e7408d061a03e1d6050ac0c71018e92dc2442c
13 / 100
14 / 100
posted c27fe8c7d1ef186fed7628b99b6c56f1cf4a0b785ba10cce5b4fbd3b59d8f8c6
15 / 100
16 / 100
posted e4ea2e65bc09799aba5d47a79e325ce844ef1d59519322e37ba03723b59619a7
17 / 100
posted dcd545e581cd9afd584ef507f2fde3ec66c65c4d5bae169ee0ef3d172f4b12f5
18 / 100
19 / 100
synced {24609 24609 0 24609 27896 24612}
posted 892516abffaf25c7061febfb0634c6f54323d75b3a1355e247716c283affffb0
20 / 100
21 / 100
posted c2179678967252aadce32710b3d9f919a83f0d0228026df3face84fbba47f047
22 / 100
23 / 100
posted d0c93b1c92aa86390e7ce27712cb12334cd2f81f4e538c9c47c2386cebd98229
24 / 100
25 / 100
26 / 100
posted 5e8c500f35133da1fd205fd67e419d0154114f675e4cc1290eb6b32ecb23408a
27 / 100
28 / 100
posted 6efd2bd5467f68c8a2574be4726ee3c6ec5213300ad5d2e726ce1c89d2825a8b
29 / 100
30 / 100
